<?xml version="1.0" encoding="UTF-8"?>
<testsuite name="org.oop.DistanceAndDirectionCalculatorTest" tests="6" skipped="0" failures="0" errors="0" timestamp="2020-08-16T05:52:06" hostname="Nehas-MacBook-Pro.local" time="0.041">
  <properties/>
  <testcase name="twoPointsWithSameXAndYCoordinatesShouldHaveADistanceOfZero()" classname="org.oop.DistanceAndDirectionCalculatorTest" time="0.024"/>
  <testcase name="distanceBetweenOriginAndPointsOnUnitCircleShouldBeOne()" classname="org.oop.DistanceAndDirectionCalculatorTest" time="0.0"/>
  <testcase name="originAndPointOnPostiveXAxisShouldBeZeroRadiansAway()" classname="org.oop.DistanceAndDirectionCalculatorTest" time="0.001"/>
  <testcase name="originAndPointOnNegativeXAxisShouldBePiRadiansAway()" classname="org.oop.DistanceAndDirectionCalculatorTest" time="0.001"/>
  <testcase name="originAndPointOnYAxisShouldBeHalfPiRadiansAway()" classname="org.oop.DistanceAndDirectionCalculatorTest" time="0.001"/>
  <testcase name="distanceBetweenTwoOppositePointsOnUnitCircleShouldBeTwo()" classname="org.oop.DistanceAndDirectionCalculatorTest" time="0.008"/>
  <system-out><![CDATA[]]></system-out>
  <system-err><![CDATA[]]></system-err>
</testsuite>
